2025-06-23 12:41:24 [main] WARN  o.s.test.context.TestContextManager - Caught exception while allowing TestExecutionListener [org.springframework.test.context.support.DependencyInjectionTestExecutionListener] to prepare test instance [TestClass@6fe1b4fb]
java.lang.IllegalStateException: Failed to load ApplicationContext for [MergedContextConfiguration@49c6c24f testClass = TestClass, locations = ["classpath:/resources/root-context.xml", "classpath:/resources/servlet-context.xml"], classes = [], contextInitializerClasses = [], activeProfiles = [], propertySourceDescriptors = [], propertySourceProperties = [], contextCustomizers = [], contextLoader = org.springframework.test.context.support.DelegatingSmartContextLoader, parent = null]
	at org.springframework.test.context.cache.DefaultCacheAwareContextLoaderDelegate.loadContext(DefaultCacheAwareContextLoaderDelegate.java:180)
	at org.springframework.test.context.support.DefaultTestContext.getApplicationContext(DefaultTestContext.java:130)
	at org.springframework.test.context.support.DependencyInjectionTestExecutionListener.injectDependencies(DependencyInjectionTestExecutionListener.java:142)
	at org.springframework.test.context.support.DependencyInjectionTestExecutionListener.prepareTestInstance(DependencyInjectionTestExecutionListener.java:98)
	at org.springframework.test.context.TestContextManager.prepareTestInstance(TestContextManager.java:260)
	at org.springframework.test.context.junit.jupiter.SpringExtension.postProcessTestInstance(SpringExtension.java:163)
	at org.junit.jupiter.engine.descriptor.ClassBasedTestDescriptor.lambda$invokeTestInstancePostProcessors$10(ClassBasedTestDescriptor.java:378)
	at org.junit.jupiter.engine.descriptor.ClassBasedTestDescriptor.executeAndMaskThrowable(ClassBasedTestDescriptor.java:383)
	at org.junit.jupiter.engine.descriptor.ClassBasedTestDescriptor.lambda$invokeTestInstancePostProcessors$11(ClassBasedTestDescriptor.java:378)
	at java.base/java.util.stream.ReferencePipeline$3$1.accept(ReferencePipeline.java:197)
	at java.base/java.util.stream.ReferencePipeline$2$1.accept(ReferencePipeline.java:179)
	at java.base/java.util.ArrayList$ArrayListSpliterator.forEachRemaining(ArrayList.java:1708)
	at java.base/java.util.stream.AbstractPipeline.copyInto(AbstractPipeline.java:509)
	at java.base/java.util.stream.AbstractPipeline.wrapAndCopyInto(AbstractPipeline.java:499)
	at java.base/java.util.stream.StreamSpliterators$WrappingSpliterator.forEachRemaining(StreamSpliterators.java:310)
	at java.base/java.util.stream.Streams$ConcatSpliterator.forEachRemaining(Streams.java:735)
	at java.base/java.util.stream.Streams$ConcatSpliterator.forEachRemaining(Streams.java:734)
	at java.base/java.util.stream.ReferencePipeline$Head.forEach(ReferencePipeline.java:762)
	at org.junit.jupiter.engine.descriptor.ClassBasedTestDescriptor.invokeTestInstancePostProcessors(ClassBasedTestDescriptor.java:377)
	at org.junit.jupiter.engine.descriptor.ClassBasedTestDescriptor.lambda$instantiateAndPostProcessTestInstance$6(ClassBasedTestDescriptor.java:290)
	at org.junit.platform.engine.support.hierarchical.ThrowableCollector.execute(ThrowableCollector.java:73)
	at org.junit.jupiter.engine.descriptor.ClassBasedTestDescriptor.instantiateAndPostProcessTestInstance(ClassBasedTestDescriptor.java:289)
	at org.junit.jupiter.engine.descriptor.ClassBasedTestDescriptor.lambda$testInstancesProvider$4(ClassBasedTestDescriptor.java:279)
	at java.base/java.util.Optional.orElseGet(Optional.java:364)
	at org.junit.jupiter.engine.descriptor.ClassBasedTestDescriptor.lambda$testInstancesProvider$5(ClassBasedTestDescriptor.java:278)
	at org.junit.jupiter.engine.execution.TestInstancesProvider.getTestInstances(TestInstancesProvider.java:31)
	at org.junit.jupiter.engine.descriptor.TestMethodTestDescriptor.lambda$prepare$0(TestMethodTestDescriptor.java:106)
	at org.junit.platform.engine.support.hierarchical.ThrowableCollector.execute(ThrowableCollector.java:73)
	at org.junit.jupiter.engine.descriptor.TestMethodTestDescriptor.prepare(TestMethodTestDescriptor.java:105)
	at org.junit.jupiter.engine.descriptor.TestMethodTestDescriptor.prepare(TestMethodTestDescriptor.java:69)
	at org.junit.platform.engine.support.hierarchical.NodeTestTask.lambda$prepare$2(NodeTestTask.java:123)
	at org.junit.platform.engine.support.hierarchical.ThrowableCollector.execute(ThrowableCollector.java:73)
	at org.junit.platform.engine.support.hierarchical.NodeTestTask.prepare(NodeTestTask.java:123)
	at org.junit.platform.engine.support.hierarchical.NodeTestTask.execute(NodeTestTask.java:90)
	at java.base/java.util.ArrayList.forEach(ArrayList.java:1596)
	at org.junit.platform.engine.support.hierarchical.SameThreadHierarchicalTestExecutorService.invokeAll(SameThreadHierarchicalTestExecutorService.java:41)
	at org.junit.platform.engine.support.hierarchical.NodeTestTask.lambda$executeRecursively$6(NodeTestTask.java:155)
	at org.junit.platform.engine.support.hierarchical.ThrowableCollector.execute(ThrowableCollector.java:73)
	at org.junit.platform.engine.support.hierarchical.NodeTestTask.lambda$executeRecursively$8(NodeTestTask.java:141)
	at org.junit.platform.engine.support.hierarchical.Node.around(Node.java:137)
	at org.junit.platform.engine.support.hierarchical.NodeTestTask.lambda$executeRecursively$9(NodeTestTask.java:139)
	at org.junit.platform.engine.support.hierarchical.ThrowableCollector.execute(ThrowableCollector.java:73)
	at org.junit.platform.engine.support.hierarchical.NodeTestTask.executeRecursively(NodeTestTask.java:138)
	at org.junit.platform.engine.support.hierarchical.NodeTestTask.execute(NodeTestTask.java:95)
	at java.base/java.util.ArrayList.forEach(ArrayList.java:1596)
	at org.junit.platform.engine.support.hierarchical.SameThreadHierarchicalTestExecutorService.invokeAll(SameThreadHierarchicalTestExecutorService.java:41)
	at org.junit.platform.engine.support.hierarchical.NodeTestTask.lambda$executeRecursively$6(NodeTestTask.java:155)
	at org.junit.platform.engine.support.hierarchical.ThrowableCollector.execute(ThrowableCollector.java:73)
	at org.junit.platform.engine.support.hierarchical.NodeTestTask.lambda$executeRecursively$8(NodeTestTask.java:141)
	at org.junit.platform.engine.support.hierarchical.Node.around(Node.java:137)
	at org.junit.platform.engine.support.hierarchical.NodeTestTask.lambda$executeRecursively$9(NodeTestTask.java:139)
	at org.junit.platform.engine.support.hierarchical.ThrowableCollector.execute(ThrowableCollector.java:73)
	at org.junit.platform.engine.support.hierarchical.NodeTestTask.executeRecursively(NodeTestTask.java:138)
	at org.junit.platform.engine.support.hierarchical.NodeTestTask.execute(NodeTestTask.java:95)
	at org.junit.platform.engine.support.hierarchical.SameThreadHierarchicalTestExecutorService.submit(SameThreadHierarchicalTestExecutorService.java:35)
	at org.junit.platform.engine.support.hierarchical.HierarchicalTestExecutor.execute(HierarchicalTestExecutor.java:57)
	at org.junit.platform.engine.support.hierarchical.HierarchicalTestEngine.execute(HierarchicalTestEngine.java:54)
	at org.junit.platform.launcher.core.EngineExecutionOrchestrator.execute(EngineExecutionOrchestrator.java:198)
	at org.junit.platform.launcher.core.EngineExecutionOrchestrator.execute(EngineExecutionOrchestrator.java:169)
	at org.junit.platform.launcher.core.EngineExecutionOrchestrator.execute(EngineExecutionOrchestrator.java:93)
	at org.junit.platform.launcher.core.EngineExecutionOrchestrator.lambda$execute$0(EngineExecutionOrchestrator.java:58)
	at org.junit.platform.launcher.core.EngineExecutionOrchestrator.withInterceptedStreams(EngineExecutionOrchestrator.java:141)
	at org.junit.platform.launcher.core.EngineExecutionOrchestrator.execute(EngineExecutionOrchestrator.java:57)
	at org.junit.platform.launcher.core.DefaultLauncher.execute(DefaultLauncher.java:103)
	at org.junit.platform.launcher.core.DefaultLauncher.execute(DefaultLauncher.java:85)
	at org.junit.platform.launcher.core.DelegatingLauncher.execute(DelegatingLauncher.java:47)
	at org.junit.platform.launcher.core.SessionPerRequestLauncher.execute(SessionPerRequestLauncher.java:63)
	at com.intellij.junit5.JUnit5IdeaTestRunner.startRunnerWithArgs(JUnit5IdeaTestRunner.java:57)
	at com.intellij.rt.junit.IdeaTestRunner$Repeater$1.execute(IdeaTestRunner.java:38)
	at com.intellij.rt.execution.junit.TestsRepeater.repeat(TestsRepeater.java:11)
	at com.intellij.rt.junit.IdeaTestRunner$Repeater.startRunnerWithArgs(IdeaTestRunner.java:35)
	at com.intellij.rt.junit.JUnitStarter.prepareStreamsAndStart(JUnitStarter.java:231)
	at com.intellij.rt.junit.JUnitStarter.main(JUnitStarter.java:55)
Caused by: org.springframework.beans.factory.BeanDefinitionStoreException: IOException parsing XML document from class path resource [resources/root-context.xml]
	at org.springframework.beans.factory.xml.XmlBeanDefinitionReader.loadBeanDefinitions(XmlBeanDefinitionReader.java:351)
	at org.springframework.beans.factory.xml.XmlBeanDefinitionReader.loadBeanDefinitions(XmlBeanDefinitionReader.java:319)
	at org.springframework.beans.factory.support.AbstractBeanDefinitionReader.loadBeanDefinitions(AbstractBeanDefinitionReader.java:184)
	at org.springframework.beans.factory.support.AbstractBeanDefinitionReader.loadBeanDefinitions(AbstractBeanDefinitionReader.java:220)
	at org.springframework.beans.factory.support.AbstractBeanDefinitionReader.loadBeanDefinitions(AbstractBeanDefinitionReader.java:191)
	at org.springframework.beans.factory.support.AbstractBeanDefinitionReader.loadBeanDefinitions(AbstractBeanDefinitionReader.java:253)
	at org.springframework.test.context.support.AbstractGenericContextLoader.loadBeanDefinitions(AbstractGenericContextLoader.java:364)
	at org.springframework.test.context.support.AbstractGenericContextLoader.loadContext(AbstractGenericContextLoader.java:215)
	at org.springframework.test.context.support.AbstractGenericContextLoader.loadContext(AbstractGenericContextLoader.java:110)
	at org.springframework.test.context.support.AbstractDelegatingSmartContextLoader.loadContext(AbstractDelegatingSmartContextLoader.java:212)
	at org.springframework.test.context.cache.DefaultCacheAwareContextLoaderDelegate.loadContextInternal(DefaultCacheAwareContextLoaderDelegate.java:225)
	at org.springframework.test.context.cache.DefaultCacheAwareContextLoaderDelegate.loadContext(DefaultCacheAwareContextLoaderDelegate.java:152)
	... 72 common frames omitted
Caused by: java.io.FileNotFoundException: class path resource [resources/root-context.xml] cannot be opened because it does not exist
	at org.springframework.core.io.ClassPathResource.getInputStream(ClassPathResource.java:215)
	at org.springframework.beans.factory.xml.XmlBeanDefinitionReader.loadBeanDefinitions(XmlBeanDefinitionReader.java:342)
	... 83 common frames omitted
2025-06-23 12:43:58 [main] WARN  o.s.test.context.TestContextManager - Caught exception while allowing TestExecutionListener [org.springframework.test.context.support.DependencyInjectionTestExecutionListener] to prepare test instance [TestClass@7642df8f]
java.lang.IllegalStateException: Failed to load ApplicationContext for [MergedContextConfiguration@53bd8fca testClass = TestClass, locations = ["classpath:/resources/root-context.xml", "classpath:/resources/servlet-context.xml"], classes = [], contextInitializerClasses = [], activeProfiles = [], propertySourceDescriptors = [], propertySourceProperties = [], contextCustomizers = [], contextLoader = org.springframework.test.context.support.DelegatingSmartContextLoader, parent = null]
	at org.springframework.test.context.cache.DefaultCacheAwareContextLoaderDelegate.loadContext(DefaultCacheAwareContextLoaderDelegate.java:180)
	at org.springframework.test.context.support.DefaultTestContext.getApplicationContext(DefaultTestContext.java:130)
	at org.springframework.test.context.support.DependencyInjectionTestExecutionListener.injectDependencies(DependencyInjectionTestExecutionListener.java:142)
	at org.springframework.test.context.support.DependencyInjectionTestExecutionListener.prepareTestInstance(DependencyInjectionTestExecutionListener.java:98)
	at org.springframework.test.context.TestContextManager.prepareTestInstance(TestContextManager.java:260)
	at org.springframework.test.context.junit.jupiter.SpringExtension.postProcessTestInstance(SpringExtension.java:163)
	at org.junit.jupiter.engine.descriptor.ClassBasedTestDescriptor.lambda$invokeTestInstancePostProcessors$10(ClassBasedTestDescriptor.java:378)
	at org.junit.jupiter.engine.descriptor.ClassBasedTestDescriptor.executeAndMaskThrowable(ClassBasedTestDescriptor.java:383)
	at org.junit.jupiter.engine.descriptor.ClassBasedTestDescriptor.lambda$invokeTestInstancePostProcessors$11(ClassBasedTestDescriptor.java:378)
	at java.base/java.util.stream.ReferencePipeline$3$1.accept(ReferencePipeline.java:197)
	at java.base/java.util.stream.ReferencePipeline$2$1.accept(ReferencePipeline.java:179)
	at java.base/java.util.ArrayList$ArrayListSpliterator.forEachRemaining(ArrayList.java:1708)
	at java.base/java.util.stream.AbstractPipeline.copyInto(AbstractPipeline.java:509)
	at java.base/java.util.stream.AbstractPipeline.wrapAndCopyInto(AbstractPipeline.java:499)
	at java.base/java.util.stream.StreamSpliterators$WrappingSpliterator.forEachRemaining(StreamSpliterators.java:310)
	at java.base/java.util.stream.Streams$ConcatSpliterator.forEachRemaining(Streams.java:735)
	at java.base/java.util.stream.Streams$ConcatSpliterator.forEachRemaining(Streams.java:734)
	at java.base/java.util.stream.ReferencePipeline$Head.forEach(ReferencePipeline.java:762)
	at org.junit.jupiter.engine.descriptor.ClassBasedTestDescriptor.invokeTestInstancePostProcessors(ClassBasedTestDescriptor.java:377)
	at org.junit.jupiter.engine.descriptor.ClassBasedTestDescriptor.lambda$instantiateAndPostProcessTestInstance$6(ClassBasedTestDescriptor.java:290)
	at org.junit.platform.engine.support.hierarchical.ThrowableCollector.execute(ThrowableCollector.java:73)
	at org.junit.jupiter.engine.descriptor.ClassBasedTestDescriptor.instantiateAndPostProcessTestInstance(ClassBasedTestDescriptor.java:289)
	at org.junit.jupiter.engine.descriptor.ClassBasedTestDescriptor.lambda$testInstancesProvider$4(ClassBasedTestDescriptor.java:279)
	at java.base/java.util.Optional.orElseGet(Optional.java:364)
	at org.junit.jupiter.engine.descriptor.ClassBasedTestDescriptor.lambda$testInstancesProvider$5(ClassBasedTestDescriptor.java:278)
	at org.junit.jupiter.engine.execution.TestInstancesProvider.getTestInstances(TestInstancesProvider.java:31)
	at org.junit.jupiter.engine.descriptor.TestMethodTestDescriptor.lambda$prepare$0(TestMethodTestDescriptor.java:106)
	at org.junit.platform.engine.support.hierarchical.ThrowableCollector.execute(ThrowableCollector.java:73)
	at org.junit.jupiter.engine.descriptor.TestMethodTestDescriptor.prepare(TestMethodTestDescriptor.java:105)
	at org.junit.jupiter.engine.descriptor.TestMethodTestDescriptor.prepare(TestMethodTestDescriptor.java:69)
	at org.junit.platform.engine.support.hierarchical.NodeTestTask.lambda$prepare$2(NodeTestTask.java:123)
	at org.junit.platform.engine.support.hierarchical.ThrowableCollector.execute(ThrowableCollector.java:73)
	at org.junit.platform.engine.support.hierarchical.NodeTestTask.prepare(NodeTestTask.java:123)
	at org.junit.platform.engine.support.hierarchical.NodeTestTask.execute(NodeTestTask.java:90)
	at java.base/java.util.ArrayList.forEach(ArrayList.java:1596)
	at org.junit.platform.engine.support.hierarchical.SameThreadHierarchicalTestExecutorService.invokeAll(SameThreadHierarchicalTestExecutorService.java:41)
	at org.junit.platform.engine.support.hierarchical.NodeTestTask.lambda$executeRecursively$6(NodeTestTask.java:155)
	at org.junit.platform.engine.support.hierarchical.ThrowableCollector.execute(ThrowableCollector.java:73)
	at org.junit.platform.engine.support.hierarchical.NodeTestTask.lambda$executeRecursively$8(NodeTestTask.java:141)
	at org.junit.platform.engine.support.hierarchical.Node.around(Node.java:137)
	at org.junit.platform.engine.support.hierarchical.NodeTestTask.lambda$executeRecursively$9(NodeTestTask.java:139)
	at org.junit.platform.engine.support.hierarchical.ThrowableCollector.execute(ThrowableCollector.java:73)
	at org.junit.platform.engine.support.hierarchical.NodeTestTask.executeRecursively(NodeTestTask.java:138)
	at org.junit.platform.engine.support.hierarchical.NodeTestTask.execute(NodeTestTask.java:95)
	at java.base/java.util.ArrayList.forEach(ArrayList.java:1596)
	at org.junit.platform.engine.support.hierarchical.SameThreadHierarchicalTestExecutorService.invokeAll(SameThreadHierarchicalTestExecutorService.java:41)
	at org.junit.platform.engine.support.hierarchical.NodeTestTask.lambda$executeRecursively$6(NodeTestTask.java:155)
	at org.junit.platform.engine.support.hierarchical.ThrowableCollector.execute(ThrowableCollector.java:73)
	at org.junit.platform.engine.support.hierarchical.NodeTestTask.lambda$executeRecursively$8(NodeTestTask.java:141)
	at org.junit.platform.engine.support.hierarchical.Node.around(Node.java:137)
	at org.junit.platform.engine.support.hierarchical.NodeTestTask.lambda$executeRecursively$9(NodeTestTask.java:139)
	at org.junit.platform.engine.support.hierarchical.ThrowableCollector.execute(ThrowableCollector.java:73)
	at org.junit.platform.engine.support.hierarchical.NodeTestTask.executeRecursively(NodeTestTask.java:138)
	at org.junit.platform.engine.support.hierarchical.NodeTestTask.execute(NodeTestTask.java:95)
	at org.junit.platform.engine.support.hierarchical.SameThreadHierarchicalTestExecutorService.submit(SameThreadHierarchicalTestExecutorService.java:35)
	at org.junit.platform.engine.support.hierarchical.HierarchicalTestExecutor.execute(HierarchicalTestExecutor.java:57)
	at org.junit.platform.engine.support.hierarchical.HierarchicalTestEngine.execute(HierarchicalTestEngine.java:54)
	at org.junit.platform.launcher.core.EngineExecutionOrchestrator.execute(EngineExecutionOrchestrator.java:198)
	at org.junit.platform.launcher.core.EngineExecutionOrchestrator.execute(EngineExecutionOrchestrator.java:169)
	at org.junit.platform.launcher.core.EngineExecutionOrchestrator.execute(EngineExecutionOrchestrator.java:93)
	at org.junit.platform.launcher.core.EngineExecutionOrchestrator.lambda$execute$0(EngineExecutionOrchestrator.java:58)
	at org.junit.platform.launcher.core.EngineExecutionOrchestrator.withInterceptedStreams(EngineExecutionOrchestrator.java:141)
	at org.junit.platform.launcher.core.EngineExecutionOrchestrator.execute(EngineExecutionOrchestrator.java:57)
	at org.junit.platform.launcher.core.DefaultLauncher.execute(DefaultLauncher.java:103)
	at org.junit.platform.launcher.core.DefaultLauncher.execute(DefaultLauncher.java:85)
	at org.junit.platform.launcher.core.DelegatingLauncher.execute(DelegatingLauncher.java:47)
	at org.junit.platform.launcher.core.SessionPerRequestLauncher.execute(SessionPerRequestLauncher.java:63)
	at com.intellij.junit5.JUnit5IdeaTestRunner.startRunnerWithArgs(JUnit5IdeaTestRunner.java:57)
	at com.intellij.rt.junit.IdeaTestRunner$Repeater$1.execute(IdeaTestRunner.java:38)
	at com.intellij.rt.execution.junit.TestsRepeater.repeat(TestsRepeater.java:11)
	at com.intellij.rt.junit.IdeaTestRunner$Repeater.startRunnerWithArgs(IdeaTestRunner.java:35)
	at com.intellij.rt.junit.JUnitStarter.prepareStreamsAndStart(JUnitStarter.java:231)
	at com.intellij.rt.junit.JUnitStarter.main(JUnitStarter.java:55)
Caused by: org.springframework.beans.factory.BeanDefinitionStoreException: IOException parsing XML document from class path resource [resources/root-context.xml]
	at org.springframework.beans.factory.xml.XmlBeanDefinitionReader.loadBeanDefinitions(XmlBeanDefinitionReader.java:351)
	at org.springframework.beans.factory.xml.XmlBeanDefinitionReader.loadBeanDefinitions(XmlBeanDefinitionReader.java:319)
	at org.springframework.beans.factory.support.AbstractBeanDefinitionReader.loadBeanDefinitions(AbstractBeanDefinitionReader.java:184)
	at org.springframework.beans.factory.support.AbstractBeanDefinitionReader.loadBeanDefinitions(AbstractBeanDefinitionReader.java:220)
	at org.springframework.beans.factory.support.AbstractBeanDefinitionReader.loadBeanDefinitions(AbstractBeanDefinitionReader.java:191)
	at org.springframework.beans.factory.support.AbstractBeanDefinitionReader.loadBeanDefinitions(AbstractBeanDefinitionReader.java:253)
	at org.springframework.test.context.support.AbstractGenericContextLoader.loadBeanDefinitions(AbstractGenericContextLoader.java:364)
	at org.springframework.test.context.support.AbstractGenericContextLoader.loadContext(AbstractGenericContextLoader.java:215)
	at org.springframework.test.context.support.AbstractGenericContextLoader.loadContext(AbstractGenericContextLoader.java:110)
	at org.springframework.test.context.support.AbstractDelegatingSmartContextLoader.loadContext(AbstractDelegatingSmartContextLoader.java:212)
	at org.springframework.test.context.cache.DefaultCacheAwareContextLoaderDelegate.loadContextInternal(DefaultCacheAwareContextLoaderDelegate.java:225)
	at org.springframework.test.context.cache.DefaultCacheAwareContextLoaderDelegate.loadContext(DefaultCacheAwareContextLoaderDelegate.java:152)
	... 72 common frames omitted
Caused by: java.io.FileNotFoundException: class path resource [resources/root-context.xml] cannot be opened because it does not exist
	at org.springframework.core.io.ClassPathResource.getInputStream(ClassPathResource.java:215)
	at org.springframework.beans.factory.xml.XmlBeanDefinitionReader.loadBeanDefinitions(XmlBeanDefinitionReader.java:342)
	... 83 common frames omitted
2025-06-23 12:44:45 [main] WARN  o.s.test.context.TestContextManager - Caught exception while allowing TestExecutionListener [org.springframework.test.context.support.DependencyInjectionTestExecutionListener] to prepare test instance [TestClass@6fe1b4fb]
java.lang.IllegalStateException: Failed to load ApplicationContext for [MergedContextConfiguration@49c6c24f testClass = TestClass, locations = ["classpath://root-context.xml", "classpath://servlet-context.xml"], classes = [], contextInitializerClasses = [], activeProfiles = [], propertySourceDescriptors = [], propertySourceProperties = [], contextCustomizers = [], contextLoader = org.springframework.test.context.support.DelegatingSmartContextLoader, parent = null]
	at org.springframework.test.context.cache.DefaultCacheAwareContextLoaderDelegate.loadContext(DefaultCacheAwareContextLoaderDelegate.java:180)
	at org.springframework.test.context.support.DefaultTestContext.getApplicationContext(DefaultTestContext.java:130)
	at org.springframework.test.context.support.DependencyInjectionTestExecutionListener.injectDependencies(DependencyInjectionTestExecutionListener.java:142)
	at org.springframework.test.context.support.DependencyInjectionTestExecutionListener.prepareTestInstance(DependencyInjectionTestExecutionListener.java:98)
	at org.springframework.test.context.TestContextManager.prepareTestInstance(TestContextManager.java:260)
	at org.springframework.test.context.junit.jupiter.SpringExtension.postProcessTestInstance(SpringExtension.java:163)
	at org.junit.jupiter.engine.descriptor.ClassBasedTestDescriptor.lambda$invokeTestInstancePostProcessors$10(ClassBasedTestDescriptor.java:378)
	at org.junit.jupiter.engine.descriptor.ClassBasedTestDescriptor.executeAndMaskThrowable(ClassBasedTestDescriptor.java:383)
	at org.junit.jupiter.engine.descriptor.ClassBasedTestDescriptor.lambda$invokeTestInstancePostProcessors$11(ClassBasedTestDescriptor.java:378)
	at java.base/java.util.stream.ReferencePipeline$3$1.accept(ReferencePipeline.java:197)
	at java.base/java.util.stream.ReferencePipeline$2$1.accept(ReferencePipeline.java:179)
	at java.base/java.util.ArrayList$ArrayListSpliterator.forEachRemaining(ArrayList.java:1708)
	at java.base/java.util.stream.AbstractPipeline.copyInto(AbstractPipeline.java:509)
	at java.base/java.util.stream.AbstractPipeline.wrapAndCopyInto(AbstractPipeline.java:499)
	at java.base/java.util.stream.StreamSpliterators$WrappingSpliterator.forEachRemaining(StreamSpliterators.java:310)
	at java.base/java.util.stream.Streams$ConcatSpliterator.forEachRemaining(Streams.java:735)
	at java.base/java.util.stream.Streams$ConcatSpliterator.forEachRemaining(Streams.java:734)
	at java.base/java.util.stream.ReferencePipeline$Head.forEach(ReferencePipeline.java:762)
	at org.junit.jupiter.engine.descriptor.ClassBasedTestDescriptor.invokeTestInstancePostProcessors(ClassBasedTestDescriptor.java:377)
	at org.junit.jupiter.engine.descriptor.ClassBasedTestDescriptor.lambda$instantiateAndPostProcessTestInstance$6(ClassBasedTestDescriptor.java:290)
	at org.junit.platform.engine.support.hierarchical.ThrowableCollector.execute(ThrowableCollector.java:73)
	at org.junit.jupiter.engine.descriptor.ClassBasedTestDescriptor.instantiateAndPostProcessTestInstance(ClassBasedTestDescriptor.java:289)
	at org.junit.jupiter.engine.descriptor.ClassBasedTestDescriptor.lambda$testInstancesProvider$4(ClassBasedTestDescriptor.java:279)
	at java.base/java.util.Optional.orElseGet(Optional.java:364)
	at org.junit.jupiter.engine.descriptor.ClassBasedTestDescriptor.lambda$testInstancesProvider$5(ClassBasedTestDescriptor.java:278)
	at org.junit.jupiter.engine.execution.TestInstancesProvider.getTestInstances(TestInstancesProvider.java:31)
	at org.junit.jupiter.engine.descriptor.TestMethodTestDescriptor.lambda$prepare$0(TestMethodTestDescriptor.java:106)
	at org.junit.platform.engine.support.hierarchical.ThrowableCollector.execute(ThrowableCollector.java:73)
	at org.junit.jupiter.engine.descriptor.TestMethodTestDescriptor.prepare(TestMethodTestDescriptor.java:105)
	at org.junit.jupiter.engine.descriptor.TestMethodTestDescriptor.prepare(TestMethodTestDescriptor.java:69)
	at org.junit.platform.engine.support.hierarchical.NodeTestTask.lambda$prepare$2(NodeTestTask.java:123)
	at org.junit.platform.engine.support.hierarchical.ThrowableCollector.execute(ThrowableCollector.java:73)
	at org.junit.platform.engine.support.hierarchical.NodeTestTask.prepare(NodeTestTask.java:123)
	at org.junit.platform.engine.support.hierarchical.NodeTestTask.execute(NodeTestTask.java:90)
	at java.base/java.util.ArrayList.forEach(ArrayList.java:1596)
	at org.junit.platform.engine.support.hierarchical.SameThreadHierarchicalTestExecutorService.invokeAll(SameThreadHierarchicalTestExecutorService.java:41)
	at org.junit.platform.engine.support.hierarchical.NodeTestTask.lambda$executeRecursively$6(NodeTestTask.java:155)
	at org.junit.platform.engine.support.hierarchical.ThrowableCollector.execute(ThrowableCollector.java:73)
	at org.junit.platform.engine.support.hierarchical.NodeTestTask.lambda$executeRecursively$8(NodeTestTask.java:141)
	at org.junit.platform.engine.support.hierarchical.Node.around(Node.java:137)
	at org.junit.platform.engine.support.hierarchical.NodeTestTask.lambda$executeRecursively$9(NodeTestTask.java:139)
	at org.junit.platform.engine.support.hierarchical.ThrowableCollector.execute(ThrowableCollector.java:73)
	at org.junit.platform.engine.support.hierarchical.NodeTestTask.executeRecursively(NodeTestTask.java:138)
	at org.junit.platform.engine.support.hierarchical.NodeTestTask.execute(NodeTestTask.java:95)
	at java.base/java.util.ArrayList.forEach(ArrayList.java:1596)
	at org.junit.platform.engine.support.hierarchical.SameThreadHierarchicalTestExecutorService.invokeAll(SameThreadHierarchicalTestExecutorService.java:41)
	at org.junit.platform.engine.support.hierarchical.NodeTestTask.lambda$executeRecursively$6(NodeTestTask.java:155)
	at org.junit.platform.engine.support.hierarchical.ThrowableCollector.execute(ThrowableCollector.java:73)
	at org.junit.platform.engine.support.hierarchical.NodeTestTask.lambda$executeRecursively$8(NodeTestTask.java:141)
	at org.junit.platform.engine.support.hierarchical.Node.around(Node.java:137)
	at org.junit.platform.engine.support.hierarchical.NodeTestTask.lambda$executeRecursively$9(NodeTestTask.java:139)
	at org.junit.platform.engine.support.hierarchical.ThrowableCollector.execute(ThrowableCollector.java:73)
	at org.junit.platform.engine.support.hierarchical.NodeTestTask.executeRecursively(NodeTestTask.java:138)
	at org.junit.platform.engine.support.hierarchical.NodeTestTask.execute(NodeTestTask.java:95)
	at org.junit.platform.engine.support.hierarchical.SameThreadHierarchicalTestExecutorService.submit(SameThreadHierarchicalTestExecutorService.java:35)
	at org.junit.platform.engine.support.hierarchical.HierarchicalTestExecutor.execute(HierarchicalTestExecutor.java:57)
	at org.junit.platform.engine.support.hierarchical.HierarchicalTestEngine.execute(HierarchicalTestEngine.java:54)
	at org.junit.platform.launcher.core.EngineExecutionOrchestrator.execute(EngineExecutionOrchestrator.java:198)
	at org.junit.platform.launcher.core.EngineExecutionOrchestrator.execute(EngineExecutionOrchestrator.java:169)
	at org.junit.platform.launcher.core.EngineExecutionOrchestrator.execute(EngineExecutionOrchestrator.java:93)
	at org.junit.platform.launcher.core.EngineExecutionOrchestrator.lambda$execute$0(EngineExecutionOrchestrator.java:58)
	at org.junit.platform.launcher.core.EngineExecutionOrchestrator.withInterceptedStreams(EngineExecutionOrchestrator.java:141)
	at org.junit.platform.launcher.core.EngineExecutionOrchestrator.execute(EngineExecutionOrchestrator.java:57)
	at org.junit.platform.launcher.core.DefaultLauncher.execute(DefaultLauncher.java:103)
	at org.junit.platform.launcher.core.DefaultLauncher.execute(DefaultLauncher.java:85)
	at org.junit.platform.launcher.core.DelegatingLauncher.execute(DelegatingLauncher.java:47)
	at org.junit.platform.launcher.core.SessionPerRequestLauncher.execute(SessionPerRequestLauncher.java:63)
	at com.intellij.junit5.JUnit5IdeaTestRunner.startRunnerWithArgs(JUnit5IdeaTestRunner.java:57)
	at com.intellij.rt.junit.IdeaTestRunner$Repeater$1.execute(IdeaTestRunner.java:38)
	at com.intellij.rt.execution.junit.TestsRepeater.repeat(TestsRepeater.java:11)
	at com.intellij.rt.junit.IdeaTestRunner$Repeater.startRunnerWithArgs(IdeaTestRunner.java:35)
	at com.intellij.rt.junit.JUnitStarter.prepareStreamsAndStart(JUnitStarter.java:231)
	at com.intellij.rt.junit.JUnitStarter.main(JUnitStarter.java:55)
Caused by: org.springframework.beans.factory.BeanDefinitionStoreException: IOException parsing XML document from class path resource [/root-context.xml]
	at org.springframework.beans.factory.xml.XmlBeanDefinitionReader.loadBeanDefinitions(XmlBeanDefinitionReader.java:351)
	at org.springframework.beans.factory.xml.XmlBeanDefinitionReader.loadBeanDefinitions(XmlBeanDefinitionReader.java:319)
	at org.springframework.beans.factory.support.AbstractBeanDefinitionReader.loadBeanDefinitions(AbstractBeanDefinitionReader.java:184)
	at org.springframework.beans.factory.support.AbstractBeanDefinitionReader.loadBeanDefinitions(AbstractBeanDefinitionReader.java:220)
	at org.springframework.beans.factory.support.AbstractBeanDefinitionReader.loadBeanDefinitions(AbstractBeanDefinitionReader.java:191)
	at org.springframework.beans.factory.support.AbstractBeanDefinitionReader.loadBeanDefinitions(AbstractBeanDefinitionReader.java:253)
	at org.springframework.test.context.support.AbstractGenericContextLoader.loadBeanDefinitions(AbstractGenericContextLoader.java:364)
	at org.springframework.test.context.support.AbstractGenericContextLoader.loadContext(AbstractGenericContextLoader.java:215)
	at org.springframework.test.context.support.AbstractGenericContextLoader.loadContext(AbstractGenericContextLoader.java:110)
	at org.springframework.test.context.support.AbstractDelegatingSmartContextLoader.loadContext(AbstractDelegatingSmartContextLoader.java:212)
	at org.springframework.test.context.cache.DefaultCacheAwareContextLoaderDelegate.loadContextInternal(DefaultCacheAwareContextLoaderDelegate.java:225)
	at org.springframework.test.context.cache.DefaultCacheAwareContextLoaderDelegate.loadContext(DefaultCacheAwareContextLoaderDelegate.java:152)
	... 72 common frames omitted
Caused by: java.io.FileNotFoundException: class path resource [/root-context.xml] cannot be opened because it does not exist
	at org.springframework.core.io.ClassPathResource.getInputStream(ClassPathResource.java:215)
	at org.springframework.beans.factory.xml.XmlBeanDefinitionReader.loadBeanDefinitions(XmlBeanDefinitionReader.java:342)
	... 83 common frames omitted
2025-06-23 12:45:54 [main] WARN  o.m.s.mapper.ClassPathMapperScanner - No MyBatis mapper was found in '[org.barcode.core.**.Mapper]' package. Please check your configuration.
2025-06-23 12:45:54 [main] INFO  o.h.validator.internal.util.Version - HV000001: Hibernate Validator 8.0.1.Final
2025-06-23 12:45:54 [main] INFO  com.zaxxer.hikari.HikariDataSource - HikariMySQLPool - Starting...
2025-06-23 12:45:55 [main] INFO  com.zaxxer.hikari.pool.HikariPool - HikariMySQLPool - Added connection com.mysql.cj.jdbc.ConnectionImpl@20eaeaf8
2025-06-23 12:45:55 [main] INFO  com.zaxxer.hikari.HikariDataSource - HikariMySQLPool - Start completed.
2025-06-23 12:45:55 [SpringContextShutdownHook] INFO  com.zaxxer.hikari.HikariDataSource - HikariMySQLPool - Shutdown initiated...
2025-06-23 12:45:55 [SpringContextShutdownHook] INFO  com.zaxxer.hikari.HikariDataSource - HikariMySQLPool - Shutdown completed.
2025-06-23 14:12:09 [main] WARN  o.m.s.mapper.ClassPathMapperScanner - No MyBatis mapper was found in '[org.barcode.core.**.Mapper]' package. Please check your configuration.
2025-06-23 14:12:09 [main] INFO  o.h.validator.internal.util.Version - HV000001: Hibernate Validator 8.0.1.Final
2025-06-23 14:12:10 [main] INFO  com.zaxxer.hikari.HikariDataSource - HikariMySQLPool - Starting...
2025-06-23 14:12:10 [main] INFO  com.zaxxer.hikari.pool.HikariPool - HikariMySQLPool - Added connection com.mysql.cj.jdbc.ConnectionImpl@4d84049a
2025-06-23 14:12:10 [main] INFO  com.zaxxer.hikari.HikariDataSource - HikariMySQLPool - Start completed.
2025-06-23 14:12:10 [SpringContextShutdownHook] INFO  com.zaxxer.hikari.HikariDataSource - HikariMySQLPool - Shutdown initiated...
2025-06-23 14:12:10 [SpringContextShutdownHook] INFO  com.zaxxer.hikari.HikariDataSource - HikariMySQLPool - Shutdown completed.
2025-06-23 14:53:35 [main] WARN  o.m.s.mapper.ClassPathMapperScanner - No MyBatis mapper was found in '[org.barcode.core.**.Mapper]' package. Please check your configuration.
2025-06-23 14:53:36 [main] INFO  o.h.validator.internal.util.Version - HV000001: Hibernate Validator 8.0.1.Final
2025-06-23 14:53:36 [main] INFO  com.zaxxer.hikari.HikariDataSource - HikariMySQLPool - Starting...
2025-06-23 14:53:36 [main] INFO  com.zaxxer.hikari.pool.HikariPool - HikariMySQLPool - Added connection com.mysql.cj.jdbc.ConnectionImpl@4d84049a
2025-06-23 14:53:36 [main] INFO  com.zaxxer.hikari.HikariDataSource - HikariMySQLPool - Start completed.
2025-06-23 14:53:36 [SpringContextShutdownHook] INFO  com.zaxxer.hikari.HikariDataSource - HikariMySQLPool - Shutdown initiated...
2025-06-23 14:53:36 [SpringContextShutdownHook] INFO  com.zaxxer.hikari.HikariDataSource - HikariMySQLPool - Shutdown completed.
2025-06-23 15:04:24 [main] WARN  o.m.s.mapper.ClassPathMapperScanner - No MyBatis mapper was found in '[org.barcode.core.**.Mapper]' package. Please check your configuration.
2025-06-23 15:04:24 [main] INFO  o.h.validator.internal.util.Version - HV000001: Hibernate Validator 8.0.1.Final
2025-06-23 15:04:25 [main] INFO  com.zaxxer.hikari.HikariDataSource - HikariMySQLPool - Starting...
2025-06-23 15:04:25 [main] INFO  com.zaxxer.hikari.pool.HikariPool - HikariMySQLPool - Added connection com.mysql.cj.jdbc.ConnectionImpl@46911148
2025-06-23 15:04:25 [main] INFO  com.zaxxer.hikari.HikariDataSource - HikariMySQLPool - Start completed.
2025-06-23 15:04:25 [SpringContextShutdownHook] INFO  com.zaxxer.hikari.HikariDataSource - HikariMySQLPool - Shutdown initiated...
2025-06-23 15:04:25 [SpringContextShutdownHook] INFO  com.zaxxer.hikari.HikariDataSource - HikariMySQLPool - Shutdown completed.
2025-06-23 15:05:31 [main] WARN  o.m.s.mapper.ClassPathMapperScanner - No MyBatis mapper was found in '[org.barcode.core.**.Mapper]' package. Please check your configuration.
2025-06-23 15:05:32 [main] INFO  o.h.validator.internal.util.Version - HV000001: Hibernate Validator 8.0.1.Final
2025-06-23 15:05:32 [main] INFO  com.zaxxer.hikari.HikariDataSource - HikariMySQLPool - Starting...
2025-06-23 15:05:32 [main] INFO  com.zaxxer.hikari.pool.HikariPool - HikariMySQLPool - Added connection com.mysql.cj.jdbc.ConnectionImpl@60990e5c
2025-06-23 15:05:32 [main] INFO  com.zaxxer.hikari.HikariDataSource - HikariMySQLPool - Start completed.
2025-06-23 15:05:32 [SpringContextShutdownHook] INFO  com.zaxxer.hikari.HikariDataSource - HikariMySQLPool - Shutdown initiated...
2025-06-23 15:05:32 [SpringContextShutdownHook] INFO  com.zaxxer.hikari.HikariDataSource - HikariMySQLPool - Shutdown completed.
2025-06-23 15:05:55 [main] WARN  o.m.s.mapper.ClassPathMapperScanner - No MyBatis mapper was found in '[org.barcode.core.**.Mapper]' package. Please check your configuration.
2025-06-23 15:05:55 [main] INFO  o.h.validator.internal.util.Version - HV000001: Hibernate Validator 8.0.1.Final
2025-06-23 15:05:56 [main] INFO  com.zaxxer.hikari.HikariDataSource - HikariMySQLPool - Starting...
2025-06-23 15:05:56 [main] INFO  com.zaxxer.hikari.pool.HikariPool - HikariMySQLPool - Added connection com.mysql.cj.jdbc.ConnectionImpl@4cb702ce
2025-06-23 15:05:56 [main] INFO  com.zaxxer.hikari.HikariDataSource - HikariMySQLPool - Start completed.
2025-06-23 15:05:56 [SpringContextShutdownHook] INFO  com.zaxxer.hikari.HikariDataSource - HikariMySQLPool - Shutdown initiated...
2025-06-23 15:05:56 [SpringContextShutdownHook] INFO  com.zaxxer.hikari.HikariDataSource - HikariMySQLPool - Shutdown completed.
2025-06-23 15:08:11 [main] WARN  o.m.s.mapper.ClassPathMapperScanner - No MyBatis mapper was found in '[org.barcode.core.**.Mapper]' package. Please check your configuration.
2025-06-23 15:08:12 [main] INFO  o.h.validator.internal.util.Version - HV000001: Hibernate Validator 8.0.1.Final
2025-06-23 15:08:12 [main] INFO  com.zaxxer.hikari.HikariDataSource - HikariMySQLPool - Starting...
2025-06-23 15:08:12 [main] INFO  com.zaxxer.hikari.pool.HikariPool - HikariMySQLPool - Added connection com.mysql.cj.jdbc.ConnectionImpl@b73433
2025-06-23 15:08:12 [main] INFO  com.zaxxer.hikari.HikariDataSource - HikariMySQLPool - Start completed.
2025-06-23 15:08:12 [SpringContextShutdownHook] INFO  com.zaxxer.hikari.HikariDataSource - HikariMySQLPool - Shutdown initiated...
2025-06-23 15:08:12 [SpringContextShutdownHook] INFO  com.zaxxer.hikari.HikariDataSource - HikariMySQLPool - Shutdown completed.
2025-06-23 15:08:34 [main] WARN  o.m.s.mapper.ClassPathMapperScanner - No MyBatis mapper was found in '[org.barcode.core.**.Mapper]' package. Please check your configuration.
2025-06-23 15:08:35 [main] INFO  o.h.validator.internal.util.Version - HV000001: Hibernate Validator 8.0.1.Final
2025-06-23 15:08:35 [main] INFO  com.zaxxer.hikari.HikariDataSource - HikariMySQLPool - Starting...
2025-06-23 15:08:35 [main] INFO  com.zaxxer.hikari.pool.HikariPool - HikariMySQLPool - Added connection com.mysql.cj.jdbc.ConnectionImpl@4a92c6a9
2025-06-23 15:08:35 [main] INFO  com.zaxxer.hikari.HikariDataSource - HikariMySQLPool - Start completed.
2025-06-23 15:08:35 [SpringContextShutdownHook] INFO  com.zaxxer.hikari.HikariDataSource - HikariMySQLPool - Shutdown initiated...
2025-06-23 15:08:35 [SpringContextShutdownHook] INFO  com.zaxxer.hikari.HikariDataSource - HikariMySQLPool - Shutdown completed.
2025-06-23 15:11:54 [main] WARN  o.m.s.mapper.ClassPathMapperScanner - No MyBatis mapper was found in '[org.barcode.core.**.Mapper]' package. Please check your configuration.
2025-06-23 15:11:54 [main] INFO  o.h.validator.internal.util.Version - HV000001: Hibernate Validator 8.0.1.Final
2025-06-23 15:11:55 [main] INFO  com.zaxxer.hikari.HikariDataSource - HikariMySQLPool - Starting...
2025-06-23 15:11:55 [main] INFO  com.zaxxer.hikari.pool.HikariPool - HikariMySQLPool - Added connection com.mysql.cj.jdbc.ConnectionImpl@b73433
2025-06-23 15:11:55 [main] INFO  com.zaxxer.hikari.HikariDataSource - HikariMySQLPool - Start completed.
2025-06-23 15:11:55 [SpringContextShutdownHook] INFO  com.zaxxer.hikari.HikariDataSource - HikariMySQLPool - Shutdown initiated...
2025-06-23 15:11:55 [SpringContextShutdownHook] INFO  com.zaxxer.hikari.HikariDataSource - HikariMySQLPool - Shutdown completed.
2025-06-23 15:20:22 [main] WARN  o.m.s.mapper.ClassPathMapperScanner - No MyBatis mapper was found in '[org.barcode.core.**.Mapper]' package. Please check your configuration.
2025-06-23 15:20:22 [main] INFO  o.h.validator.internal.util.Version - HV000001: Hibernate Validator 8.0.1.Final
2025-06-23 15:20:23 [main] INFO  o.s.mock.web.MockServletContext - Initializing Spring TestDispatcherServlet ''
2025-06-23 15:20:23 [main] INFO  o.s.t.w.s.TestDispatcherServlet - Initializing Servlet ''
2025-06-23 15:20:23 [main] INFO  o.s.t.w.s.TestDispatcherServlet - Completed initialization in 1 ms
2025-06-23 15:21:28 [main] WARN  o.m.s.mapper.ClassPathMapperScanner - No MyBatis mapper was found in '[org.barcode.core.**.Mapper]' package. Please check your configuration.
2025-06-23 15:21:28 [main] INFO  o.h.validator.internal.util.Version - HV000001: Hibernate Validator 8.0.1.Final
2025-06-23 15:21:28 [main] INFO  o.s.mock.web.MockServletContext - Initializing Spring TestDispatcherServlet ''
2025-06-23 15:21:28 [main] INFO  o.s.t.w.s.TestDispatcherServlet - Initializing Servlet ''
2025-06-23 15:21:28 [main] INFO  o.s.t.w.s.TestDispatcherServlet - Completed initialization in 1 ms
2025-06-23 15:27:25 [main] WARN  o.m.s.mapper.ClassPathMapperScanner - No MyBatis mapper was found in '[org.barcode.core.**.Mapper]' package. Please check your configuration.
2025-06-23 15:27:25 [main] WARN  o.m.s.mapper.ClassPathMapperScanner - No MyBatis mapper was found in '[org.barcode.core.**.Mapper]' package. Please check your configuration.
2025-06-23 15:27:25 [main] INFO  o.h.validator.internal.util.Version - HV000001: Hibernate Validator 8.0.1.Final
2025-06-23 15:27:26 [main] INFO  o.h.validator.internal.util.Version - HV000001: Hibernate Validator 8.0.1.Final
2025-06-23 15:27:26 [main] INFO  o.s.mock.web.MockServletContext - Initializing Spring TestDispatcherServlet ''
2025-06-23 15:27:26 [main] INFO  o.s.t.w.s.TestDispatcherServlet - Initializing Servlet ''
2025-06-23 15:27:26 [main] INFO  o.s.t.w.s.TestDispatcherServlet - Completed initialization in 1 ms
2025-06-23 15:27:26 [main] INFO  o.s.mock.web.MockServletContext - Initializing Spring TestDispatcherServlet ''
2025-06-23 15:27:26 [main] INFO  o.s.t.w.s.TestDispatcherServlet - Initializing Servlet ''
2025-06-23 15:27:26 [main] INFO  o.s.t.w.s.TestDispatcherServlet - Completed initialization in 2 ms
2025-06-23 15:34:39 [main] WARN  o.m.s.mapper.ClassPathMapperScanner - No MyBatis mapper was found in '[org.barcode.core.**.Mapper]' package. Please check your configuration.
2025-06-23 15:34:39 [main] INFO  o.h.validator.internal.util.Version - HV000001: Hibernate Validator 8.0.1.Final
2025-06-23 15:34:40 [main] INFO  o.s.mock.web.MockServletContext - Initializing Spring TestDispatcherServlet ''
2025-06-23 15:34:40 [main] INFO  o.s.t.w.s.TestDispatcherServlet - Initializing Servlet ''
2025-06-23 15:34:40 [main] INFO  o.s.t.w.s.TestDispatcherServlet - Completed initialization in 1 ms
2025-06-23 15:36:44 [main] WARN  o.m.s.mapper.ClassPathMapperScanner - No MyBatis mapper was found in '[org.barcode.core.**.Mapper]' package. Please check your configuration.
2025-06-23 15:36:45 [main] INFO  o.h.validator.internal.util.Version - HV000001: Hibernate Validator 8.0.1.Final
2025-06-23 15:36:45 [main] INFO  o.s.mock.web.MockServletContext - Initializing Spring TestDispatcherServlet ''
2025-06-23 15:36:45 [main] INFO  o.s.t.w.s.TestDispatcherServlet - Initializing Servlet ''
2025-06-23 15:36:45 [main] INFO  o.s.t.w.s.TestDispatcherServlet - Completed initialization in 1 ms
2025-06-23 15:37:59 [main] WARN  o.m.s.mapper.ClassPathMapperScanner - No MyBatis mapper was found in '[org.barcode.core.**.Mapper]' package. Please check your configuration.
2025-06-23 15:37:59 [main] INFO  o.h.validator.internal.util.Version - HV000001: Hibernate Validator 8.0.1.Final
2025-06-23 15:37:59 [main] INFO  o.s.mock.web.MockServletContext - Initializing Spring TestDispatcherServlet ''
2025-06-23 15:37:59 [main] INFO  o.s.t.w.s.TestDispatcherServlet - Initializing Servlet ''
2025-06-23 15:37:59 [main] INFO  o.s.t.w.s.TestDispatcherServlet - Completed initialization in 1 ms
2025-06-23 15:38:12 [main] WARN  o.m.s.mapper.ClassPathMapperScanner - No MyBatis mapper was found in '[org.barcode.core.**.Mapper]' package. Please check your configuration.
2025-06-23 15:38:13 [main] INFO  o.h.validator.internal.util.Version - HV000001: Hibernate Validator 8.0.1.Final
2025-06-23 15:38:13 [main] INFO  o.s.mock.web.MockServletContext - Initializing Spring TestDispatcherServlet ''
2025-06-23 15:38:13 [main] INFO  o.s.t.w.s.TestDispatcherServlet - Initializing Servlet ''
2025-06-23 15:38:13 [main] INFO  o.s.t.w.s.TestDispatcherServlet - Completed initialization in 1 ms
2025-06-23 15:46:01 [main] WARN  o.m.s.mapper.ClassPathMapperScanner - No MyBatis mapper was found in '[org.barcode.core.**.Mapper]' package. Please check your configuration.
2025-06-23 15:46:02 [main] INFO  o.h.validator.internal.util.Version - HV000001: Hibernate Validator 8.0.1.Final
2025-06-23 15:46:02 [main] INFO  com.zaxxer.hikari.HikariDataSource - HikariMySQLPool - Starting...
2025-06-23 15:46:02 [main] INFO  com.zaxxer.hikari.pool.HikariPool - HikariMySQLPool - Added connection com.mysql.cj.jdbc.ConnectionImpl@10272bbb
2025-06-23 15:46:02 [main] INFO  com.zaxxer.hikari.HikariDataSource - HikariMySQLPool - Start completed.
2025-06-23 15:46:02 [main] INFO  o.s.mock.web.MockServletContext - Initializing Spring TestDispatcherServlet ''
2025-06-23 15:46:02 [main] INFO  o.s.t.w.s.TestDispatcherServlet - Initializing Servlet ''
2025-06-23 15:46:02 [main] INFO  o.s.t.w.s.TestDispatcherServlet - Completed initialization in 2 ms
2025-06-23 15:46:03 [SpringContextShutdownHook] INFO  com.zaxxer.hikari.HikariDataSource - HikariMySQLPool - Shutdown initiated...
2025-06-23 15:46:03 [SpringContextShutdownHook] INFO  com.zaxxer.hikari.HikariDataSource - HikariMySQLPool - Shutdown completed.
2025-06-23 15:47:04 [main] WARN  o.m.s.mapper.ClassPathMapperScanner - No MyBatis mapper was found in '[org.barcode.core.**.Mapper]' package. Please check your configuration.
2025-06-23 15:47:04 [main] INFO  o.h.validator.internal.util.Version - HV000001: Hibernate Validator 8.0.1.Final
2025-06-23 15:47:05 [main] INFO  com.zaxxer.hikari.HikariDataSource - HikariMySQLPool - Starting...
2025-06-23 15:47:05 [main] INFO  com.zaxxer.hikari.pool.HikariPool - HikariMySQLPool - Added connection com.mysql.cj.jdbc.ConnectionImpl@1d06f16f
2025-06-23 15:47:05 [main] INFO  com.zaxxer.hikari.HikariDataSource - HikariMySQLPool - Start completed.
2025-06-23 15:47:05 [main] INFO  o.s.mock.web.MockServletContext - Initializing Spring TestDispatcherServlet ''
2025-06-23 15:47:05 [main] INFO  o.s.t.w.s.TestDispatcherServlet - Initializing Servlet ''
2025-06-23 15:47:05 [main] INFO  o.s.t.w.s.TestDispatcherServlet - Completed initialization in 1 ms
2025-06-23 15:47:05 [SpringContextShutdownHook] INFO  com.zaxxer.hikari.HikariDataSource - HikariMySQLPool - Shutdown initiated...
2025-06-23 15:47:05 [SpringContextShutdownHook] INFO  com.zaxxer.hikari.HikariDataSource - HikariMySQLPool - Shutdown completed.
2025-06-23 15:48:33 [main] WARN  o.m.s.mapper.ClassPathMapperScanner - No MyBatis mapper was found in '[org.barcode.core.**.Mapper]' package. Please check your configuration.
2025-06-23 15:48:33 [main] INFO  o.h.validator.internal.util.Version - HV000001: Hibernate Validator 8.0.1.Final
2025-06-23 15:48:34 [main] INFO  com.zaxxer.hikari.HikariDataSource - HikariMySQLPool - Starting...
2025-06-23 15:48:34 [main] INFO  com.zaxxer.hikari.pool.HikariPool - HikariMySQLPool - Added connection com.mysql.cj.jdbc.ConnectionImpl@5b47731f
2025-06-23 15:48:34 [main] INFO  com.zaxxer.hikari.HikariDataSource - HikariMySQLPool - Start completed.
2025-06-23 15:48:34 [main] INFO  o.s.mock.web.MockServletContext - Initializing Spring TestDispatcherServlet ''
2025-06-23 15:48:34 [main] INFO  o.s.t.w.s.TestDispatcherServlet - Initializing Servlet ''
2025-06-23 15:48:34 [main] INFO  o.s.t.w.s.TestDispatcherServlet - Completed initialization in 1 ms
2025-06-23 15:48:34 [SpringContextShutdownHook] INFO  com.zaxxer.hikari.HikariDataSource - HikariMySQLPool - Shutdown initiated...
2025-06-23 15:48:34 [SpringContextShutdownHook] INFO  com.zaxxer.hikari.HikariDataSource - HikariMySQLPool - Shutdown completed.
2025-06-23 15:48:42 [main] WARN  o.m.s.mapper.ClassPathMapperScanner - No MyBatis mapper was found in '[org.barcode.core.**.Mapper]' package. Please check your configuration.
2025-06-23 15:48:43 [main] INFO  o.h.validator.internal.util.Version - HV000001: Hibernate Validator 8.0.1.Final
2025-06-23 15:48:43 [main] INFO  com.zaxxer.hikari.HikariDataSource - HikariMySQLPool - Starting...
2025-06-23 15:48:43 [main] INFO  com.zaxxer.hikari.pool.HikariPool - HikariMySQLPool - Added connection com.mysql.cj.jdbc.ConnectionImpl@18a19e
2025-06-23 15:48:43 [main] INFO  com.zaxxer.hikari.HikariDataSource - HikariMySQLPool - Start completed.
2025-06-23 15:48:43 [main] INFO  o.s.mock.web.MockServletContext - Initializing Spring TestDispatcherServlet ''
2025-06-23 15:48:43 [main] INFO  o.s.t.w.s.TestDispatcherServlet - Initializing Servlet ''
2025-06-23 15:48:43 [main] INFO  o.s.t.w.s.TestDispatcherServlet - Completed initialization in 1 ms
2025-06-23 15:48:43 [SpringContextShutdownHook] INFO  com.zaxxer.hikari.HikariDataSource - HikariMySQLPool - Shutdown initiated...
2025-06-23 15:48:43 [SpringContextShutdownHook] INFO  com.zaxxer.hikari.HikariDataSource - HikariMySQLPool - Shutdown completed.
2025-06-23 15:48:54 [main] WARN  o.m.s.mapper.ClassPathMapperScanner - No MyBatis mapper was found in '[org.barcode.core.**.Mapper]' package. Please check your configuration.
2025-06-23 15:48:54 [main] INFO  o.h.validator.internal.util.Version - HV000001: Hibernate Validator 8.0.1.Final
2025-06-23 15:48:55 [main] INFO  com.zaxxer.hikari.HikariDataSource - HikariMySQLPool - Starting...
2025-06-23 15:48:55 [main] INFO  com.zaxxer.hikari.pool.HikariPool - HikariMySQLPool - Added connection com.mysql.cj.jdbc.ConnectionImpl@1d06f16f
2025-06-23 15:48:55 [main] INFO  com.zaxxer.hikari.HikariDataSource - HikariMySQLPool - Start completed.
2025-06-23 15:48:55 [main] INFO  o.s.mock.web.MockServletContext - Initializing Spring TestDispatcherServlet ''
2025-06-23 15:48:55 [main] INFO  o.s.t.w.s.TestDispatcherServlet - Initializing Servlet ''
2025-06-23 15:48:55 [main] INFO  o.s.t.w.s.TestDispatcherServlet - Completed initialization in 1 ms
2025-06-23 15:48:55 [SpringContextShutdownHook] INFO  com.zaxxer.hikari.HikariDataSource - HikariMySQLPool - Shutdown initiated...
2025-06-23 15:48:55 [SpringContextShutdownHook] INFO  com.zaxxer.hikari.HikariDataSource - HikariMySQLPool - Shutdown completed.
2025-06-23 15:49:13 [main] WARN  o.m.s.mapper.ClassPathMapperScanner - No MyBatis mapper was found in '[org.barcode.core.**.Mapper]' package. Please check your configuration.
2025-06-23 15:49:13 [main] INFO  o.h.validator.internal.util.Version - HV000001: Hibernate Validator 8.0.1.Final
2025-06-23 15:49:14 [main] INFO  com.zaxxer.hikari.HikariDataSource - HikariMySQLPool - Starting...
2025-06-23 15:49:14 [main] INFO  com.zaxxer.hikari.pool.HikariPool - HikariMySQLPool - Added connection com.mysql.cj.jdbc.ConnectionImpl@4a44cfc0
2025-06-23 15:49:14 [main] INFO  com.zaxxer.hikari.HikariDataSource - HikariMySQLPool - Start completed.
2025-06-23 15:49:14 [main] INFO  o.s.mock.web.MockServletContext - Initializing Spring TestDispatcherServlet ''
2025-06-23 15:49:14 [main] INFO  o.s.t.w.s.TestDispatcherServlet - Initializing Servlet ''
2025-06-23 15:49:14 [main] INFO  o.s.t.w.s.TestDispatcherServlet - Completed initialization in 1 ms
2025-06-23 15:49:14 [SpringContextShutdownHook] INFO  com.zaxxer.hikari.HikariDataSource - HikariMySQLPool - Shutdown initiated...
2025-06-23 15:49:14 [SpringContextShutdownHook] INFO  com.zaxxer.hikari.HikariDataSource - HikariMySQLPool - Shutdown completed.
